<?xml version="1.0" encoding="UTF-8"?>
<!-- Generated by org.testng.reporters.JUnitReportReporter -->
<testsuite ignored="0" hostname="DESKTOP-P5217BT" failures="0" tests="1" name="com.ladbrokes.BrowserStackTest" time="19.690" errors="0" timestamp="13 Jul 2022 16:53:57 GMT" skipped="0">
  <testcase classname="com.ladbrokes.BrowserStackTest" name="ivy" time="19.690"/>
</testsuite> <!-- com.ladbrokes.BrowserStackTest -->
